<?xml version="1.0" encoding="UTF-8"?>
<!-- Generated by org.testng.reporters.JUnitReportReporter -->
<testsuite hostname="DESKTOP-QQKQL13" failures="0" tests="2" name="com.test.testng.AmazonTest" time="30.852" errors="0" timestamp="2023-12-02T15:09:53 IST" skipped="0">
  <testcase classname="com.test.testng.AmazonTest" name="MakeMyTripFlightsBooking" time="23.634"/>
  <system-out/>
  <testcase classname="com.test.testng.AmazonTest" name="testMakeMyTripLogo" time="7.218"/>
  <system-out/>
</testsuite> <!-- com.test.testng.AmazonTest -->
