<?xml version="1.0" encoding="UTF-8"?>
<!-- Generated by org.testng.reporters.JUnitReportReporter -->
<testsuite hostname="DESKTOP-QQKQL13" failures="0" tests="4" name="com.test.saucedemo.TestScript" time="1.953" errors="0" timestamp="2023-12-09T13:45:35 IST" skipped="0">
  <testcase classname="com.test.saucedemo.TestScript" name="loginTest" time="0.300"/>
  <system-out/>
  <testcase classname="com.test.saucedemo.TestScript" name="loginTest" time="1.043"/>
  <system-out/>
  <testcase classname="com.test.saucedemo.TestScript" name="loginTest" time="0.253"/>
  <system-out/>
  <testcase classname="com.test.saucedemo.TestScript" name="loginTest" time="0.357"/>
  <system-out/>
</testsuite> <!-- com.test.saucedemo.TestScript -->
