<?xml version="1.0" encoding="UTF-8"?>
<!-- Generated by org.testng.reporters.JUnitReportReporter -->
<testsuite hostname="DESKTOP-QQKQL13" failures="0" tests="4" name="com.test.saucedemo.TestScript" time="1.987" errors="0" timestamp="2023-12-09T13:48:58 IST" skipped="0">
  <testcase classname="com.test.saucedemo.TestScript" name="loginTest" time="1.081"/>
  <system-out/>
  <testcase classname="com.test.saucedemo.TestScript" name="loginTest" time="0.340"/>
  <system-out/>
  <testcase classname="com.test.saucedemo.TestScript" name="loginTest" time="0.320"/>
  <system-out/>
  <testcase classname="com.test.saucedemo.TestScript" name="loginTest" time="0.246"/>
  <system-out/>
</testsuite> <!-- com.test.saucedemo.TestScript -->
